
> assignment-4-express-routing-mongodb-and-mongoose-new-sebastianomalley@0.0.0 start
> node ./bin/www

Port 3000 is already [0mGET / [36m304 [0m12.414 ms - -[0m
[0mGET /stylesheets/quill.snow.css [36m304 [0m3.267 ms - -[0m
[0mGET /stylesheets/style.css [36m304 [0m2.622 ms - -[0m
[0mGET /javascripts/quill.js [36m304 [0m1.001 ms - -[0m
[0mGET /javascripts/tipsEditor.js [36m304 [0m0.939 ms - -[0m
[0mGET /favicon.ico [33m404 [0m4.485 ms - 2035[0m
ReferenceError: /Users/jasonomalley/Desktop/Node/assignment-4/views/layout.ejs:5
    3| <head>
    4|   <% /* Set page title for layout. If 'title' is not defined, default to 'Family Wisdom'. */ %>
 >> 5|   <title><%= title || 'Family Wisdom' %> | Family Wisdom</title>
    6|   
    7|   <!-- Bootstrap CSS. -->
    8|   <link href="https://cdn.jsdelivr.net/npm/bootstrap@5.3.3/dist/css/bootstrap.min.css" rel="stylesheet">

title is not defined
    at eval (eval at compile (/Users/jasonomalley/Desktop/Node/assignment-4/node_modules/ejs/lib/ejs.js:633:12), <anonymous>:14:26)
    at returnedFn (/Users/jasonomalley/Desktop/Node/assignment-4/node_modules/ejs/lib/ejs.js:668:17)
    at tryHandleCache (/Users/jasonomalley/Desktop/Node/assignment-4/node_modules/ejs/lib/ejs.js:254:36)
    at exports.renderFile [as engine] (/Users/jasonomalley/Desktop/Node/assignment-4/node_modules/ejs/lib/ejs.js:485:10)
    at View.render (/Users/jasonomalley/Desktop/Node/assignment-4/node_modules/express/lib/view.js:135:8)
    at tryRender (/Users/jasonomalley/Desktop/Node/assignment-4/node_modules/express/lib/application.js:640:10)
    at Function.render (/Users/jasonomalley/Desktop/Node/assignment-4/node_modules/express/lib/application.js:592:3)
    at ServerResponse.render (/Users/jasonomalley/Desktop/Node/assignment-4/node_modules/express/lib/response.js:1008:7)
    at /Users/jasonomalley/Desktop/Node/assignment-4/node_modules/express-ejs-layouts/lib/express-layouts.js:113:20
    at tryHandleCache (/Users/jasonomalley/Desktop/Node/assignment-4/node_modules/ejs/lib/ejs.js:260:5)
[0mGET /tips [36m304 [0m23.461 ms - -[0m
[0mGET /stylesheets/quill.snow.css [36m304 [0m2.516 ms - -[0m
[0mGET /stylesheets/style.css [36m304 [0m1.981 ms - -[0m
[0mGET /javascripts/quill.js [36m304 [0m0.422 ms - -[0m
[0mGET /javascripts/tipsEditor.js [36m304 [0m0.281 ms - -[0m
[0mGET / [36m304 [0m1.638 ms - -[0m
[0mGET /stylesheets/quill.snow.css [36m304 [0m0.817 ms - -[0m
[0mGET /stylesheets/style.css [36m304 [0m1.011 ms - -[0m
[0mGET /javascripts/quill.js [36m304 [0m0.577 ms - -[0m
[0mGET /javascripts/tipsEditor.js [36m304 [0m0.639 ms - -[0m
[0mGET /family [36m304 [0m16.805 ms - -[0m
[0mGET /stylesheets/quill.snow.css [36m304 [0m0.832 ms - -[0m
[0mGET /stylesheets/style.css [36m304 [0m0.914 ms - -[0m
[0mGET /javascripts/quill.js [36m304 [0m0.246 ms - -[0m
[0mGET /javascripts/tipsEditor.js [36m304 [0m0.207 ms - -[0m
